\BOOKMARK [0][-]{chapter*.1}{\376\377\144\130\000\040\000\040\000\040\000\040\211\201}{}% 1
\BOOKMARK [0][-]{chapter*.2}{\376\377\000A\000b\000s\000t\000r\000a\000c\000t}{}% 2
\BOOKMARK [0][-]{chapter.1}{\376\377\133\236\232\214\166\356\166\204}{}% 3
\BOOKMARK [0][-]{chapter.2}{\376\377\133\236\232\214\163\257\130\203}{}% 4
\BOOKMARK [0][-]{chapter.3}{\376\377\131\047\145\160\166\370\116\130}{}% 5
\BOOKMARK [1][-]{section.3.1}{\376\377\133\236\232\214\166\356\166\204}{chapter.3}% 6
\BOOKMARK [1][-]{section.3.2}{\376\377\133\236\232\214\213\276\213\241}{chapter.3}% 7
\BOOKMARK [2][-]{subsection.3.2.1}{\376\377\172\013\136\217\155\101\172\013}{section.3.2}% 8
\BOOKMARK [1][-]{section.3.3}{\376\377\121\167\117\123\133\236\163\260}{chapter.3}% 9
\BOOKMARK [2][-]{subsection.3.3.1}{\376\377\213\241\173\227\133\127\173\046\116\062\225\177\136\246}{section.3.3}% 10
\BOOKMARK [2][-]{subsection.3.3.2}{\376\377\220\006\136\217\133\130\145\076\122\060\145\160\176\304}{section.3.3}% 11
\BOOKMARK [2][-]{subsection.3.3.3}{\376\377\145\160\133\127\166\370\116\130}{section.3.3}% 12
\BOOKMARK [2][-]{subsection.3.3.4}{\376\377\217\333\117\115\131\004\164\006}{section.3.3}% 13
\BOOKMARK [2][-]{subsection.3.3.5}{\376\377\220\006\136\217\217\223\121\372}{section.3.3}% 14
\BOOKMARK [1][-]{section.3.4}{\376\377\133\236\232\214\176\323\147\234\134\125\171\072}{chapter.3}% 15
\BOOKMARK [2][-]{subsection.3.4.1}{\376\377\217\223\121\145\153\143\145\160}{section.3.4}% 16
\BOOKMARK [2][-]{subsection.3.4.2}{\376\377\217\223\121\145\215\037\145\160}{section.3.4}% 17
\BOOKMARK [0][-]{chapter.4}{\376\377\145\207\116\366\133\371\153\324}{}% 18
\BOOKMARK [1][-]{section.4.1}{\376\377\133\236\232\214\166\356\166\204}{chapter.4}% 19
\BOOKMARK [1][-]{section.4.2}{\376\377\133\236\232\214\213\276\213\241}{chapter.4}% 20
\BOOKMARK [2][-]{subsection.4.2.1}{\376\377\172\013\136\217\155\101\172\013}{section.4.2}% 21
\BOOKMARK [1][-]{section.4.3}{\376\377\121\167\117\123\133\236\163\260}{chapter.4}% 22
\BOOKMARK [2][-]{subsection.4.3.1}{\376\377\136\372\172\313\172\227\123\343}{section.4.3}% 23
\BOOKMARK [2][-]{subsection.4.3.2}{\376\377\172\227\123\343\217\307\172\013\121\375\145\160}{section.4.3}% 24
\BOOKMARK [2][-]{subsection.4.3.3}{\376\377\145\207\116\366\133\371\153\324}{section.4.3}% 25
\BOOKMARK [1][-]{section.4.4}{\376\377\133\236\232\214\176\323\147\234\134\125\171\072}{chapter.4}% 26
\BOOKMARK [2][-]{subsection.4.4.1}{\376\377\116\044\116\052\145\207\116\366\166\370\124\014}{section.4.4}% 27
\BOOKMARK [2][-]{subsection.4.4.2}{\376\377\116\044\116\052\145\207\116\366\121\205\133\271\116\015\124\014}{section.4.4}% 28
\BOOKMARK [0][-]{chapter.5}{\376\377\131\032\221\315\137\252\163\257\122\006\147\220}{}% 29
\BOOKMARK [1][-]{section.5.1}{\376\377\133\236\232\214\166\356\166\204}{chapter.5}% 30
\BOOKMARK [1][-]{section.5.2}{\376\377\172\013\136\217\155\101\172\013}{chapter.5}% 31
\BOOKMARK [1][-]{section.5.3}{\376\377\121\167\117\123\133\236\163\260}{chapter.5}% 32
\BOOKMARK [2][-]{subsection.5.3.1}{\376\377\131\032\221\315\137\252\163\257\166\204\000C\213\355\212\000\116\343\170\001}{section.5.3}% 33
\BOOKMARK [2][-]{subsection.5.3.2}{\376\377\123\315\154\107\177\026\122\006\147\220}{section.5.3}% 34
\BOOKMARK [2][-]{subsection.5.3.3}{\376\377\221\315\121\231\131\032\221\315\137\252\163\257}{section.5.3}% 35
\BOOKMARK [1][-]{section.5.4}{\376\377\133\236\232\214\176\323\147\234\134\125\171\072}{chapter.5}% 36
\BOOKMARK [0][-]{chapter*.16}{\376\377\140\073\000\040\000\040\000\040\000\040\176\323}{}% 37
