\BOOKMARK [0][-]{chapter*.1}{\376\377\144\130\000\040\000\040\000\040\000\040\211\201}{}% 1
\BOOKMARK [0][-]{chapter*.2}{\376\377\000A\000b\000s\000t\000r\000a\000c\000t}{}% 2
\BOOKMARK [0][-]{chapter.1}{\376\377\133\236\232\214\166\356\166\204}{}% 3
\BOOKMARK [0][-]{chapter.2}{\376\377\133\236\232\214\163\257\130\203}{}% 4
\BOOKMARK [0][-]{chapter.3}{\376\377\133\236\232\214\116\011\040\024\040\024\131\047\145\160\166\370\116\130}{}% 5
\BOOKMARK [1][-]{section.3.1}{\376\377\133\236\232\214\166\356\166\204}{chapter.3}% 6
\BOOKMARK [1][-]{section.3.2}{\376\377\133\236\232\214\213\276\213\241}{chapter.3}% 7
\BOOKMARK [2][-]{subsection.3.2.1}{\376\377\131\047\145\160\133\130\120\250\137\142\137\017}{section.3.2}% 8
\BOOKMARK [2][-]{subsection.3.2.2}{\376\377\172\013\136\217\155\101\172\013}{section.3.2}% 9
\BOOKMARK [1][-]{section.3.3}{\376\377\121\167\117\123\133\236\163\260}{chapter.3}% 10
\BOOKMARK [2][-]{subsection.3.3.1}{\376\377\133\127\173\046\116\062\217\154\123\026\116\072\220\006\136\217\145\160\176\304}{section.3.3}% 11
\BOOKMARK [2][-]{subsection.3.3.2}{\376\377\116\130\154\325}{section.3.3}% 12
\BOOKMARK [2][-]{subsection.3.3.3}{\376\377\217\333\117\115}{section.3.3}% 13
\BOOKMARK [1][-]{section.3.4}{\376\377\133\236\232\214\176\323\147\234\134\125\171\072}{chapter.3}% 14
\BOOKMARK [0][-]{chapter.4}{\376\377\133\236\232\214\126\333\040\024\040\024\000W\000i\000n\000d\000o\000w\000s\165\114\227\142\230\316\150\074\166\204\145\207\147\054\145\207\116\366\121\205\133\271\153\324\133\371}{}% 15
\BOOKMARK [1][-]{section.4.1}{\376\377\133\236\232\214\166\356\166\204}{chapter.4}% 16
\BOOKMARK [1][-]{section.4.2}{\376\377\133\236\232\214\213\276\213\241}{chapter.4}% 17
\BOOKMARK [2][-]{subsection.4.2.1}{\376\377\000G\000U\000I\213\276\213\241}{section.4.2}% 18
\BOOKMARK [2][-]{subsection.4.2.2}{\376\377\213\276\213\241\140\035\215\357}{section.4.2}% 19
\BOOKMARK [2][-]{subsection.4.2.3}{\376\377\172\013\136\217\155\101\172\013}{section.4.2}% 20
\BOOKMARK [1][-]{section.4.3}{\376\377\121\167\117\123\133\236\163\260}{chapter.4}% 21
\BOOKMARK [2][-]{subsection.4.3.1}{\376\377\116\073\172\227\123\343\166\204\122\033\136\372\217\307\172\013}{section.4.3}% 22
\BOOKMARK [2][-]{subsection.4.3.2}{\376\377\172\227\123\343\217\307\172\013\121\375\145\160}{section.4.3}% 23
\BOOKMARK [2][-]{subsection.4.3.3}{\376\377\145\207\116\366\155\117\211\310\136\166\220\011\142\351}{section.4.3}% 24
\BOOKMARK [2][-]{subsection.4.3.4}{\376\377\213\373\123\326\116\000\210\114}{section.4.3}% 25
\BOOKMARK [2][-]{subsection.4.3.5}{\376\377\145\207\116\366\153\324\217\203}{section.4.3}% 26
\BOOKMARK [1][-]{section.4.4}{\376\377\133\236\232\214\176\323\147\234\134\125\171\072}{chapter.4}% 27
\BOOKMARK [0][-]{chapter.5}{\376\377\133\236\232\214\116\224\040\024\040\024\000C\213\355\212\000\131\032\221\315\137\252\163\257\123\315\154\107\177\026\122\006\147\220}{}% 28
\BOOKMARK [1][-]{section.5.1}{\376\377\133\236\232\214\166\356\166\204}{chapter.5}% 29
\BOOKMARK [1][-]{section.5.2}{\376\377\133\236\232\214\153\145\232\244}{chapter.5}% 30
\BOOKMARK [1][-]{section.5.3}{\376\377\131\032\221\315\137\252\163\257\166\204\000C\213\355\212\000\156\220\170\001}{chapter.5}% 31
\BOOKMARK [1][-]{section.5.4}{\376\377\123\315\154\107\177\026\116\343\170\001\122\006\147\220}{chapter.5}% 32
\BOOKMARK [2][-]{subsection.5.4.1}{\376\377\122\035\131\313\123\026}{section.5.4}% 33
\BOOKMARK [2][-]{subsection.5.4.2}{\376\377\133\232\116\111\134\100\220\350\123\330\221\317\136\166\215\113\120\074}{section.5.4}% 34
\BOOKMARK [2][-]{subsection.5.4.3}{\376\377\137\252\163\257\117\123}{section.5.4}% 35
\BOOKMARK [1][-]{section.5.5}{\376\377\221\307\165\050\000M\000A\000S\000M\0003\0002\221\315\121\231\213\345\172\013\136\217}{chapter.5}% 36
\BOOKMARK [1][-]{section.5.6}{\376\377\133\236\232\214\176\323\147\234\134\125\171\072}{chapter.5}% 37
\BOOKMARK [0][-]{chapter*.24}{\376\377\140\073\000\040\000\040\000\040\000\040\176\323}{}% 38
